<?xml version="1.0" encoding="UTF-8"?>
<!-- Generated by org.testng.reporters.JUnitXMLReporter -->
<testsuite ignored="2" hostname="AIPC06" failures="0" tests="3" name="Test" time="75.265" errors="0" timestamp="2025-07-04T15:06:07 IST">
  <testcase classname="TestCases.SearchableDropDownAddSalary" name="checkingSearchableDropdownAddSalary" time="20.549"/>
  <testcase classname="TestCases.AddSymbolUnderDescriptionArea" name="checkingInAddInvoicePage" time="9.7"/>
  <testcase classname="TestCases.AddSymbolUnderDescriptionArea" name="checkingInEditInvoicePage" time="18.469"/>
  <testcase classname="Base.BaseClass" name="@BeforeSuite setupExtentReport" time="0.0">
    <ignored/>
  </testcase> <!-- @BeforeSuite setupExtentReport -->
  <testcase classname="Base.BaseClass" name="@AfterSuite tearDownReport" time="0.0">
    <ignored/>
  </testcase> <!-- @AfterSuite tearDownReport -->
</testsuite> <!-- Test -->
