<?xml version="1.0" encoding="UTF-8"?>
<!-- Generated by org.testng.reporters.JUnitXMLReporter -->
<testsuite ignored="2" hostname="AIPC06" failures="0" tests="3" name="Test" time="93.793" errors="0" timestamp="2025-07-08T10:20:57 IST">
  <testcase classname="TestCases.SearchableDropDownAddSalary" name="checkingSearchableDropdownAddSalary" time="42.002"/>
  <testcase classname="TestCases.AddSymbolUnderDescriptionArea" name="checkingInAddInvoicePage" time="22.174"/>
  <testcase classname="TestCases.AddSymbolUnderDescriptionArea" name="checkingInEditInvoicePage" time="15.716"/>
  <testcase classname="Base.BaseClass" name="@AfterSuite tearDownReport" time="0.0">
    <ignored/>
  </testcase> <!-- @AfterSuite tearDownReport -->
  <testcase classname="Base.BaseClass" name="@BeforeSuite setupExtentReport" time="0.0">
    <ignored/>
  </testcase> <!-- @BeforeSuite setupExtentReport -->
</testsuite> <!-- Test -->
