<?xml version="1.0" encoding="UTF-8"?>
<testng-results ignored="0" total="3" passed="3" failed="0" skipped="0">
  <reporter-output>
  </reporter-output>
  <suite started-at="2025-07-08T10:19:23 IST" name="Suite" finished-at="2025-07-08T10:20:57 IST" duration-ms="93793">
    <groups>
    </groups>
    <test started-at="2025-07-08T10:19:23 IST" name="Test" finished-at="2025-07-08T10:20:57 IST" duration-ms="93793">
      <class name="TestCases.SearchableDropDownAddSalary">
        <test-method is-config="true" signature="setupExtentReport()[pri:0, instance:TestCases.SearchableDropDownAddSalary@65d09a04]" started-at="2025-07-08T10:19:22 IST" name="setupExtentReport" finished-at="2025-07-08T10:19:23 IST" duration-ms="578" status="PASS">
          <reporter-output>
          </reporter-output>
        </test-method> <!-- setupExtentReport -->
        <test-method is-config="true" signature="launchBrowser()[pri:0, instance:TestCases.SearchableDropDownAddSalary@65d09a04]" started-at="2025-07-08T10:19:23 IST" name="launchBrowser" finished-at="2025-07-08T10:19:31 IST" duration-ms="7967" status="PASS">
          <reporter-output>
          </reporter-output>
        </test-method> <!-- launchBrowser -->
        <test-method is-config="true" signature="setup()[pri:0, instance:TestCases.SearchableDropDownAddSalary@65d09a04]" started-at="2025-07-08T10:19:31 IST" name="setup" finished-at="2025-07-08T10:19:31 IST" duration-ms="16" status="PASS">
          <reporter-output>
          </reporter-output>
        </test-method> <!-- setup -->
        <test-method signature="checkingSearchableDropdownAddSalary()[pri:0, instance:TestCases.SearchableDropDownAddSalary@65d09a04]" started-at="2025-07-08T10:19:31 IST" name="checkingSearchableDropdownAddSalary" finished-at="2025-07-08T10:20:13 IST" duration-ms="42002" status="PASS">
          <reporter-output>
          </reporter-output>
        </test-method> <!-- checkingSearchableDropdownAddSalary -->
        <test-method is-config="true" signature="tearDown()[pri:0, instance:TestCases.SearchableDropDownAddSalary@65d09a04]" started-at="2025-07-08T10:20:13 IST" name="tearDown" finished-at="2025-07-08T10:20:13 IST" duration-ms="337" status="PASS">
          <reporter-output>
          </reporter-output>
        </test-method> <!-- tearDown -->
        <test-method is-config="true" signature="tearDownExtent()[pri:0, instance:TestCases.SearchableDropDownAddSalary@65d09a04]" started-at="2025-07-08T10:20:57 IST" name="tearDownExtent" finished-at="2025-07-08T10:20:57 IST" duration-ms="506" status="PASS">
          <reporter-output>
          </reporter-output>
        </test-method> <!-- tearDownExtent -->
        <test-method is-config="true" signature="tearDownReport()[pri:0, instance:TestCases.SearchableDropDownAddSalary@65d09a04]" started-at="2025-07-08T10:20:57 IST" name="tearDownReport" finished-at="2025-07-08T10:20:57 IST" depends-on-methods="TestCases.AddSymbolUnderDescriptionArea.flushExtent, TestCases.SearchableDropDownAddSalary.tearDownExtent" duration-ms="14" status="PASS">
          <reporter-output>
          </reporter-output>
        </test-method> <!-- tearDownReport -->
      </class> <!-- TestCases.SearchableDropDownAddSalary -->
      <class name="TestCases.AddSymbolUnderDescriptionArea">
        <test-method is-config="true" signature="launchBrowser()[pri:0, instance:TestCases.AddSymbolUnderDescriptionArea@45b4c3a9]" started-at="2025-07-08T10:20:13 IST" name="launchBrowser" finished-at="2025-07-08T10:20:18 IST" duration-ms="4518" status="PASS">
          <reporter-output>
          </reporter-output>
        </test-method> <!-- launchBrowser -->
        <test-method is-config="true" signature="setup()[pri:0, instance:TestCases.AddSymbolUnderDescriptionArea@45b4c3a9]" started-at="2025-07-08T10:20:18 IST" name="setup" finished-at="2025-07-08T10:20:18 IST" duration-ms="11" status="PASS">
          <reporter-output>
          </reporter-output>
        </test-method> <!-- setup -->
        <test-method signature="checkingInAddInvoicePage()[pri:1, instance:TestCases.AddSymbolUnderDescriptionArea@45b4c3a9]" started-at="2025-07-08T10:20:18 IST" name="checkingInAddInvoicePage" finished-at="2025-07-08T10:20:40 IST" duration-ms="22174" status="PASS">
          <reporter-output>
          </reporter-output>
        </test-method> <!-- checkingInAddInvoicePage -->
        <test-method signature="checkingInEditInvoicePage()[pri:2, instance:TestCases.AddSymbolUnderDescriptionArea@45b4c3a9]" started-at="2025-07-08T10:20:40 IST" name="checkingInEditInvoicePage" finished-at="2025-07-08T10:20:56 IST" duration-ms="15716" status="PASS">
          <reporter-output>
          </reporter-output>
        </test-method> <!-- checkingInEditInvoicePage -->
        <test-method is-config="true" signature="tearDown()[pri:0, instance:TestCases.AddSymbolUnderDescriptionArea@45b4c3a9]" started-at="2025-07-08T10:20:56 IST" name="tearDown" finished-at="2025-07-08T10:20:57 IST" duration-ms="415" status="PASS">
          <reporter-output>
          </reporter-output>
        </test-method> <!-- tearDown -->
        <test-method is-config="true" signature="flushExtent()[pri:0, instance:TestCases.AddSymbolUnderDescriptionArea@45b4c3a9]" started-at="2025-07-08T10:20:57 IST" name="flushExtent" finished-at="2025-07-08T10:20:57 IST" depends-on-methods="TestCases.SearchableDropDownAddSalary.tearDownExtent" duration-ms="29" status="PASS">
          <reporter-output>
          </reporter-output>
        </test-method> <!-- flushExtent -->
      </class> <!-- TestCases.AddSymbolUnderDescriptionArea -->
    </test> <!-- Test -->
  </suite> <!-- Suite -->
</testng-results>
