<?xml version="1.0" encoding="UTF-8"?>
<testng-results ignored="0" total="3" passed="3" failed="0" skipped="0">
  <reporter-output>
  </reporter-output>
  <suite started-at="2025-07-04T12:25:15 IST" name="Suite" finished-at="2025-07-04T12:26:07 IST" duration-ms="51776">
    <groups>
    </groups>
    <test started-at="2025-07-04T12:25:15 IST" name="Test" finished-at="2025-07-04T12:26:07 IST" duration-ms="51776">
      <class name="TestCases.SearchableDropDownAddSalary">
        <test-method is-config="true" signature="setupExtentReport()[pri:0, instance:TestCases.SearchableDropDownAddSalary@4e50c791]" started-at="2025-07-04T12:25:15 IST" name="setupExtentReport" finished-at="2025-07-04T12:25:15 IST" duration-ms="652" status="PASS">
          <reporter-output>
          </reporter-output>
        </test-method> <!-- setupExtentReport -->
        <test-method is-config="true" signature="launchBrowser()[pri:0, instance:TestCases.SearchableDropDownAddSalary@4e50c791]" started-at="2025-07-04T12:25:16 IST" name="launchBrowser" finished-at="2025-07-04T12:25:23 IST" duration-ms="7360" status="PASS">
          <reporter-output>
          </reporter-output>
        </test-method> <!-- launchBrowser -->
        <test-method is-config="true" signature="setup()[pri:0, instance:TestCases.SearchableDropDownAddSalary@4e50c791]" started-at="2025-07-04T12:25:23 IST" name="setup" finished-at="2025-07-04T12:25:23 IST" duration-ms="66" status="PASS">
          <reporter-output>
          </reporter-output>
        </test-method> <!-- setup -->
        <test-method signature="checkingSearchableDropdownAddSalary()[pri:0, instance:TestCases.SearchableDropDownAddSalary@4e50c791]" started-at="2025-07-04T12:25:23 IST" name="checkingSearchableDropdownAddSalary" finished-at="2025-07-04T12:25:38 IST" duration-ms="14938" status="PASS">
          <reporter-output>
          </reporter-output>
        </test-method> <!-- checkingSearchableDropdownAddSalary -->
        <test-method is-config="true" signature="tearDown()[pri:0, instance:TestCases.SearchableDropDownAddSalary@4e50c791]" started-at="2025-07-04T12:25:38 IST" name="tearDown" finished-at="2025-07-04T12:25:39 IST" duration-ms="340" status="PASS">
          <reporter-output>
          </reporter-output>
        </test-method> <!-- tearDown -->
        <test-method is-config="true" signature="tearDownExtent()[pri:0, instance:TestCases.SearchableDropDownAddSalary@4e50c791]" started-at="2025-07-04T12:26:07 IST" name="tearDownExtent" finished-at="2025-07-04T12:26:08 IST" duration-ms="543" status="PASS">
          <reporter-output>
          </reporter-output>
        </test-method> <!-- tearDownExtent -->
        <test-method is-config="true" signature="tearDownReport()[pri:0, instance:TestCases.SearchableDropDownAddSalary@4e50c791]" started-at="2025-07-04T12:26:08 IST" name="tearDownReport" finished-at="2025-07-04T12:26:08 IST" depends-on-methods="TestCases.AddSymbolUnderDescriptionArea.tearDownExtent, TestCases.SearchableDropDownAddSalary.tearDownExtent" duration-ms="22" status="PASS">
          <reporter-output>
          </reporter-output>
        </test-method> <!-- tearDownReport -->
      </class> <!-- TestCases.SearchableDropDownAddSalary -->
      <class name="TestCases.AddSymbolUnderDescriptionArea">
        <test-method is-config="true" signature="launchBrowser()[pri:0, instance:TestCases.AddSymbolUnderDescriptionArea@5aebe890]" started-at="2025-07-04T12:25:39 IST" name="launchBrowser" finished-at="2025-07-04T12:25:44 IST" duration-ms="5291" status="PASS">
          <reporter-output>
          </reporter-output>
        </test-method> <!-- launchBrowser -->
        <test-method is-config="true" signature="setup()[pri:0, instance:TestCases.AddSymbolUnderDescriptionArea@5aebe890]" started-at="2025-07-04T12:25:44 IST" name="setup" finished-at="2025-07-04T12:25:44 IST" duration-ms="20" status="PASS">
          <reporter-output>
          </reporter-output>
        </test-method> <!-- setup -->
        <test-method signature="checkingInAddInvoicePage()[pri:1, instance:TestCases.AddSymbolUnderDescriptionArea@5aebe890]" started-at="2025-07-04T12:25:44 IST" name="checkingInAddInvoicePage" finished-at="2025-07-04T12:25:52 IST" duration-ms="8500" status="PASS">
          <reporter-output>
          </reporter-output>
        </test-method> <!-- checkingInAddInvoicePage -->
        <test-method signature="checkingInEditInvoicePage()[pri:2, instance:TestCases.AddSymbolUnderDescriptionArea@5aebe890]" started-at="2025-07-04T12:25:53 IST" name="checkingInEditInvoicePage" finished-at="2025-07-04T12:26:07 IST" duration-ms="13856" status="PASS">
          <reporter-output>
          </reporter-output>
        </test-method> <!-- checkingInEditInvoicePage -->
        <test-method is-config="true" signature="tearDown()[pri:0, instance:TestCases.AddSymbolUnderDescriptionArea@5aebe890]" started-at="2025-07-04T12:26:07 IST" name="tearDown" finished-at="2025-07-04T12:26:07 IST" duration-ms="527" status="PASS">
          <reporter-output>
          </reporter-output>
        </test-method> <!-- tearDown -->
        <test-method is-config="true" signature="tearDownExtent()[pri:0, instance:TestCases.AddSymbolUnderDescriptionArea@5aebe890]" started-at="2025-07-04T12:26:08 IST" name="tearDownExtent" finished-at="2025-07-04T12:26:08 IST" depends-on-methods="TestCases.SearchableDropDownAddSalary.tearDownExtent" duration-ms="22" status="PASS">
          <reporter-output>
          </reporter-output>
        </test-method> <!-- tearDownExtent -->
      </class> <!-- TestCases.AddSymbolUnderDescriptionArea -->
    </test> <!-- Test -->
  </suite> <!-- Suite -->
</testng-results>
